mode: set
github.com/niquefa/gotools/utils.go:9.19,11.2 1 0
github.com/niquefa/gotools/utils.go:13.41,14.22 1 1
github.com/niquefa/gotools/utils.go:14.22,16.3 1 1
github.com/niquefa/gotools/utils.go:17.2,18.27 2 1
github.com/niquefa/gotools/utils.go:18.27,20.3 1 1
github.com/niquefa/gotools/utils.go:21.2,21.17 1 1
github.com/niquefa/gotools/utils.go:24.47,25.22 1 1
github.com/niquefa/gotools/utils.go:25.22,27.3 1 1
github.com/niquefa/gotools/utils.go:28.2,29.27 2 1
github.com/niquefa/gotools/utils.go:29.27,31.3 1 1
github.com/niquefa/gotools/utils.go:32.2,32.17 1 1
github.com/niquefa/gotools/utils.go:35.53,36.22 1 1
github.com/niquefa/gotools/utils.go:36.22,38.3 1 1
github.com/niquefa/gotools/utils.go:39.2,40.27 2 1
github.com/niquefa/gotools/utils.go:40.27,42.3 1 1
github.com/niquefa/gotools/utils.go:43.2,43.17 1 1
github.com/niquefa/gotools/utils.go:46.41,47.22 1 1
github.com/niquefa/gotools/utils.go:47.22,49.3 1 1
github.com/niquefa/gotools/utils.go:50.2,51.31 2 1
github.com/niquefa/gotools/utils.go:51.31,52.14 1 1
github.com/niquefa/gotools/utils.go:52.14,54.4 1 1
github.com/niquefa/gotools/utils.go:56.2,56.17 1 1
github.com/niquefa/gotools/utils.go:59.47,60.22 1 1
github.com/niquefa/gotools/utils.go:60.22,62.3 1 1
github.com/niquefa/gotools/utils.go:63.2,64.31 2 1
github.com/niquefa/gotools/utils.go:64.31,65.14 1 1
github.com/niquefa/gotools/utils.go:65.14,67.4 1 1
github.com/niquefa/gotools/utils.go:69.2,69.17 1 1
github.com/niquefa/gotools/utils.go:72.53,73.22 1 1
github.com/niquefa/gotools/utils.go:73.22,75.3 1 1
github.com/niquefa/gotools/utils.go:76.2,77.31 2 1
github.com/niquefa/gotools/utils.go:77.31,78.14 1 1
github.com/niquefa/gotools/utils.go:78.14,80.4 1 1
github.com/niquefa/gotools/utils.go:82.2,82.17 1 1
github.com/niquefa/gotools/utils.go:85.41,86.22 1 1
github.com/niquefa/gotools/utils.go:86.22,88.3 1 1
github.com/niquefa/gotools/utils.go:89.2,90.31 2 1
github.com/niquefa/gotools/utils.go:90.31,91.14 1 1
github.com/niquefa/gotools/utils.go:91.14,93.4 1 1
github.com/niquefa/gotools/utils.go:95.2,95.17 1 1
github.com/niquefa/gotools/utils.go:98.47,99.22 1 1
github.com/niquefa/gotools/utils.go:99.22,101.3 1 1
github.com/niquefa/gotools/utils.go:102.2,103.31 2 1
github.com/niquefa/gotools/utils.go:103.31,104.14 1 1
github.com/niquefa/gotools/utils.go:104.14,106.4 1 1
github.com/niquefa/gotools/utils.go:108.2,108.17 1 1
github.com/niquefa/gotools/utils.go:111.53,112.22 1 1
github.com/niquefa/gotools/utils.go:112.22,114.3 1 1
github.com/niquefa/gotools/utils.go:115.2,116.31 2 1
github.com/niquefa/gotools/utils.go:116.31,117.14 1 1
github.com/niquefa/gotools/utils.go:117.14,119.4 1 1
github.com/niquefa/gotools/utils.go:121.2,121.17 1 1
github.com/niquefa/gotools/utils.go:128.69,129.24 1 1
github.com/niquefa/gotools/utils.go:129.24,131.3 1 0
github.com/niquefa/gotools/utils.go:132.2,133.36 2 1
github.com/niquefa/gotools/utils.go:133.36,134.40 1 1
github.com/niquefa/gotools/utils.go:134.40,136.4 1 1
github.com/niquefa/gotools/utils.go:139.2,140.32 2 1
github.com/niquefa/gotools/utils.go:140.32,142.3 1 1
github.com/niquefa/gotools/utils.go:144.2,144.20 1 1
github.com/niquefa/gotools/utils.go:149.43,151.22 2 1
github.com/niquefa/gotools/utils.go:151.22,153.3 1 1
github.com/niquefa/gotools/utils.go:154.2,154.15 1 1
github.com/niquefa/gotools/utils.go:158.42,160.27 2 1
github.com/niquefa/gotools/utils.go:160.27,162.3 1 1
github.com/niquefa/gotools/utils.go:165.36,168.31 3 1
github.com/niquefa/gotools/utils.go:168.31,170.3 1 1
github.com/niquefa/gotools/utils.go:171.2,171.11 1 1
github.com/niquefa/gotools/utils.go:171.11,173.3 1 1
github.com/niquefa/gotools/utils.go:174.2,175.29 2 1
github.com/niquefa/gotools/utils.go:175.29,177.3 1 0
github.com/niquefa/gotools/utils.go:178.2,182.13 3 1
github.com/niquefa/gotools/utils.go:185.23,187.12 2 1
github.com/niquefa/gotools/utils.go:187.12,191.3 3 0
